WARNING: ignoring environment value of R_HOME
Design is nSample10_nCellType8_noBatch_CancerCell 
Dir is /work/users/e/u/euphyw/scLDAseq/data/simulation/1MultiSample/SingleResponse/nSample10_nCellType8_noBatch_CancerCell 
sims_1733584909_NullModel.rds 
Number of Iteration is 2 with num.init 30 
        R/alignCorpus.R R/asSTMCorpus.R R/checkBeta.R R/cloud.R
value   ?               ?               ?             ?        
visible FALSE           FALSE           FALSE         FALSE    
        R/CompositionChange.R R/convertCorpus.R R/dataGen.R R/estimateEffect.R
value   ?                     ?                 ?           ?                 
visible FALSE                 FALSE             FALSE       FALSE             
        R/estimateMixedEffect.R R/etaPosterior.R R/exclusivity.R
value   ?                       ?                ?              
visible FALSE                   FALSE            FALSE          
        R/findThoughts.R R/findTopic.R R/fitNewDocuments.R R/GammaError.R
value   ?                ?             ?                   ?             
visible FALSE            FALSE         FALSE               FALSE         
        R/gammaPosterior.R R/heldout.R R/jeffreyskappa.R R/labelTopics.R
value   ?                  ?           ?                 ?              
visible FALSE              FALSE       FALSE             FALSE          
        R/makeDesignMatrix.R R/manyTopics.R R/multiSTM.R R/optimalK.R
value   ?                    ?              ?            ?           
visible FALSE                FALSE          FALSE        FALSE       
        R/permute.R R/plot.estimateEffect.R R/plot.fixedEffect.R
value   ?           ?                       ?                   
visible FALSE       FALSE                   FALSE               
        R/plot.searchK.R R/plot.STM.R R/plotModels.R R/plotQuote.R
value   ?                ?            ?              ?            
visible FALSE            FALSE        FALSE          FALSE        
        R/plotRemoved.R R/plottingutilfns.R R/plotTopicLoess.R
value   ?               ?                   ?                 
visible FALSE           FALSE               FALSE             
        R/prepDocuments.R R/prepsce.R R/produce_cmatrix.R R/RcppExports.R
value   ?                 ?           ?                   ?              
visible FALSE             FALSE       FALSE               FALSE          
        R/readCorpus.R R/residuals.R R/s.R R/sageLabels.R R/scSTM.R
value   ?              ?             ?     ?              ?        
visible FALSE          FALSE         FALSE FALSE          FALSE    
        R/selectModel_parallel.R R/selectModel.R R/semanticCoherence.R
value   ?                        ?               ?                    
visible FALSE                    FALSE           FALSE                
        R/simBetas.R R/spectral.R R/stm-package.R R/stm.control.R R/STMbound.R
value   ?            ?            NULL            ?               ?           
visible FALSE        FALSE        TRUE            FALSE           FALSE       
        R/STMconvergence.R R/STMestep.R R/STMfunctions.R R/STMinit.R
value   ?                  ?            ?                ?          
visible FALSE              FALSE        FALSE            FALSE      
        R/STMinitLikelihood.R R/STMlncpp.R R/STMmnreg.R R/STMmu.R
value   ?                     ?            ?            ?        
visible FALSE                 FALSE        FALSE        FALSE    
        R/STMoptbeta.R R/STMreport.R R/STMsigma.R R/STMsigs.R R/STMsubset.R
value   ?              ?             ?            ?           ?            
visible FALSE          FALSE         FALSE        FALSE       FALSE        
        R/structure_plot.R R/summary.STM.R R/tau.R R/textProcessor.R
value   ?                  ?               ?       ?                
visible FALSE              FALSE           FALSE   FALSE            
        R/ThetaManova.R R/thetaPosterior.R R/toLDAvis.R R/topicCorr.R
value   ?               ?                  ?            ?            
visible FALSE           FALSE              FALSE        FALSE        
        R/topicLasso.R R/topicQuality.R R/useful_functions.R R/writeLdac.R
value   ?              ?                ?                    ?            
visible FALSE          FALSE            FALSE                FALSE        
        R/zzz.R
value   ?      
visible FALSE  
starting worker pid=2970861 on localhost:11464 at 09:53:57.030
starting worker pid=2970864 on localhost:11464 at 09:53:57.760
starting worker pid=2970856 on localhost:11464 at 09:53:57.797
starting worker pid=2970860 on localhost:11464 at 09:53:57.825
starting worker pid=2970859 on localhost:11464 at 09:53:57.844
starting worker pid=2970858 on localhost:11464 at 09:53:57.857
starting worker pid=2970862 on localhost:11464 at 09:53:57.890
starting worker pid=2970855 on localhost:11464 at 09:53:57.890
starting worker pid=2970857 on localhost:11464 at 09:53:57.914
starting worker pid=2970863 on localhost:11464 at 09:53:57.929
Casting net 
Initialization with topicScore. 
Initialization with topicScore. 
Initialization with topicScore. 
Initialization with topicScore. 
Initialization with topicScore. 
Initialization with topicScore. 
Initialization with topicScore. 
Initialization with topicScore. 
Initialization with topicScore. 
Initialization with topicScore. 
................................................................................................................................................................................................................................................................................................................................................................................................................................................................................................................................................................................................................................................................................................................................................................................................................................................................................................................................................................................................................

Completed E-Step (53 seconds). 
Completed E-Step (55 seconds). 
.......
.Completed E-Step (56 seconds). 
..Completed M-Step (0 seconds). 
Completed M-Step (0 seconds). 
..calculate log likelihood 
calculate log likelihood 
..Completing Iteration 1 (approx. per word bound = -19.449) 
Completing Iteration 1 (approx. per word bound = -19.449) 
...Completed M-Step (0 seconds). 
...calculate log likelihood 
.
...Completed E-Step (53 seconds). 
...Completing Iteration 1 (approx. per word bound = -19.449) 
.........
..Completed E-Step (56 seconds). 
.
.Completed M-Step (0 seconds). 
Completed E-Step (54 seconds). 
.calculate log likelihood 
......
Completing Iteration 1 (approx. per word bound = -19.449) 
.Completed E-Step (56 seconds). 
.......Completed M-Step (0 seconds). 
.Completed M-Step (0 seconds). 
..
calculate log likelihood 
Completed E-Step (55 seconds). 
..calculate log likelihood 
...
Completing Iteration 1 (approx. per word bound = -19.449) 
Completed E-Step (57 seconds). 
.Completing Iteration 1 (approx. per word bound = -19.449) 
Completed M-Step (0 seconds). 
...calculate log likelihood 
..........Completing Iteration 1 (approx. per word bound = -19.449) 
...Completed M-Step (0 seconds). 
.......calculate log likelihood 
....Completed M-Step (0 seconds). 
...calculate log likelihood 
...Completing Iteration 1 (approx. per word bound = -19.449) 
..........Completing Iteration 1 (approx. per word bound = -19.449) 
............................................................................
..Completed E-Step (56 seconds). 
....................................Completed M-Step (0 seconds). 
...calculate log likelihood 
............Completing Iteration 1 (approx. per word bound = -19.449) 
................................................................................................................................................................................................................................................................................................................................................................................................................................................................................................................................................................................................................................................................................
.Completed E-Step (15 seconds). 
...Completed M-Step (0 seconds). 
.....calculate log likelihood 
convergence.check is 2.194782e-05 
Model Terminated Before Convergence Reached 
.................................................
...Completed E-Step (16 seconds). 
.Completed M-Step (0 seconds). 
...calculate log likelihood 
convergence.check is 1.871701e-05 
Model Terminated Before Convergence Reached 
...................................
...Completed E-Step (17 seconds). 
..Completed M-Step (0 seconds). 
..calculate log likelihood 
convergence.check is 2.390205e-05 
Model Terminated Before Convergence Reached 
...
..Completed E-Step (15 seconds). 
Completed M-Step (0 seconds). 
....calculate log likelihood 
convergence.check is 2.166889e-05 
Model Terminated Before Convergence Reached 
.....
.Completed E-Step (16 seconds). 
..Completed M-Step (0 seconds). 
.calculate log likelihood 
convergence.check is 1.893321e-05 
Model Terminated Before Convergence Reached 
..
Completed E-Step (15 seconds). 
..
Completed M-Step (0 seconds). 
Completed E-Step (16 seconds). 
.Completed M-Step (0 seconds). 
calculate log likelihood 
convergence.check is 1.901907e-05 
Model Terminated Before Convergence Reached 
.calculate log likelihood 
convergence.check is 1.079253e-05 
Model Terminated Before Convergence Reached 
...
.Completed E-Step (15 seconds). 
.Completed M-Step (0 seconds). 
.calculate log likelihood 
convergence.check is 1.868626e-05 
Model Terminated Before Convergence Reached 
...............

Completed E-Step (14 seconds). 
Completed E-Step (17 seconds). 
Completed M-Step (0 seconds). 
Completed M-Step (0 seconds). 
calculate log likelihood 
convergence.check is 1.877847e-05 
Model Terminated Before Convergence Reached 
calculate log likelihood 
convergence.check is 1.27612e-05 
Model Terminated Before Convergence Reached 
Initialization with topicScore. 
Initialization with topicScore. 
Initialization with topicScore. 
Initialization with topicScore. 
Initialization with topicScore. 
Initialization with topicScore. 
Initialization with topicScore. 
Initialization with topicScore. 
Initialization with topicScore. 
Initialization with topicScore. 
