WARNING: ignoring environment value of R_HOME
Design is nSample10_nCellType8_noBatch_CancerCell 
Dir is /work/users/e/u/euphyw/scLDAseq/data/simulation/1MultiSample/SingleResponse/nSample10_nCellType8_noBatch_CancerCell 
sims_1733584923_NullModel.rds 
Number of Iteration is 2 with num.init 30 
        R/alignCorpus.R R/asSTMCorpus.R R/checkBeta.R R/cloud.R
value   ?               ?               ?             ?        
visible FALSE           FALSE           FALSE         FALSE    
        R/CompositionChange.R R/convertCorpus.R R/dataGen.R R/estimateEffect.R
value   ?                     ?                 ?           ?                 
visible FALSE                 FALSE             FALSE       FALSE             
        R/estimateMixedEffect.R R/etaPosterior.R R/exclusivity.R
value   ?                       ?                ?              
visible FALSE                   FALSE            FALSE          
        R/findThoughts.R R/findTopic.R R/fitNewDocuments.R R/GammaError.R
value   ?                ?             ?                   ?             
visible FALSE            FALSE         FALSE               FALSE         
        R/gammaPosterior.R R/heldout.R R/jeffreyskappa.R R/labelTopics.R
value   ?                  ?           ?                 ?              
visible FALSE              FALSE       FALSE             FALSE          
        R/makeDesignMatrix.R R/manyTopics.R R/multiSTM.R R/optimalK.R
value   ?                    ?              ?            ?           
visible FALSE                FALSE          FALSE        FALSE       
        R/permute.R R/plot.estimateEffect.R R/plot.fixedEffect.R
value   ?           ?                       ?                   
visible FALSE       FALSE                   FALSE               
        R/plot.searchK.R R/plot.STM.R R/plotModels.R R/plotQuote.R
value   ?                ?            ?              ?            
visible FALSE            FALSE        FALSE          FALSE        
        R/plotRemoved.R R/plottingutilfns.R R/plotTopicLoess.R
value   ?               ?                   ?                 
visible FALSE           FALSE               FALSE             
        R/prepDocuments.R R/prepsce.R R/produce_cmatrix.R R/RcppExports.R
value   ?                 ?           ?                   ?              
visible FALSE             FALSE       FALSE               FALSE          
        R/readCorpus.R R/residuals.R R/s.R R/sageLabels.R R/scSTM.R
value   ?              ?             ?     ?              ?        
visible FALSE          FALSE         FALSE FALSE          FALSE    
        R/selectModel_parallel.R R/selectModel.R R/semanticCoherence.R
value   ?                        ?               ?                    
visible FALSE                    FALSE           FALSE                
        R/simBetas.R R/spectral.R R/stm-package.R R/stm.control.R R/STMbound.R
value   ?            ?            NULL            ?               ?           
visible FALSE        FALSE        TRUE            FALSE           FALSE       
        R/STMconvergence.R R/STMestep.R R/STMfunctions.R R/STMinit.R
value   ?                  ?            ?                ?          
visible FALSE              FALSE        FALSE            FALSE      
        R/STMinitLikelihood.R R/STMlncpp.R R/STMmnreg.R R/STMmu.R
value   ?                     ?            ?            ?        
visible FALSE                 FALSE        FALSE        FALSE    
        R/STMoptbeta.R R/STMreport.R R/STMsigma.R R/STMsigs.R R/STMsubset.R
value   ?              ?             ?            ?           ?            
visible FALSE          FALSE         FALSE        FALSE       FALSE        
        R/structure_plot.R R/summary.STM.R R/tau.R R/textProcessor.R
value   ?                  ?               ?       ?                
visible FALSE              FALSE           FALSE   FALSE            
        R/ThetaManova.R R/thetaPosterior.R R/toLDAvis.R R/topicCorr.R
value   ?               ?                  ?            ?            
visible FALSE           FALSE              FALSE        FALSE        
        R/topicLasso.R R/topicQuality.R R/useful_functions.R R/writeLdac.R
value   ?              ?                ?                    ?            
visible FALSE          FALSE            FALSE                FALSE        
        R/zzz.R
value   ?      
visible FALSE  
starting worker pid=2717782 on localhost:11242 at 09:53:57.190
starting worker pid=2717785 on localhost:11242 at 09:53:57.250
starting worker pid=2717777 on localhost:11242 at 09:53:57.254
starting worker pid=2717779 on localhost:11242 at 09:53:57.296
starting worker pid=2717783 on localhost:11242 at 09:53:57.302
starting worker pid=2717786 on localhost:11242 at 09:53:57.303
starting worker pid=2717778 on localhost:11242 at 09:53:57.312
starting worker pid=2717784 on localhost:11242 at 09:53:57.344
starting worker pid=2717780 on localhost:11242 at 09:53:57.391
starting worker pid=2717781 on localhost:11242 at 09:53:57.406
Casting net 
Initialization with topicScore. 
Initialization with topicScore. 
Initialization with topicScore. 
Initialization with topicScore. 
Initialization with topicScore. 
Initialization with topicScore. 
Initialization with topicScore. 
Initialization with topicScore. 
Initialization with topicScore. 
Initialization with topicScore. 
.........................................................................................................................................................................................................
Completed E-Step (30 seconds). 
.
Completed E-Step (31 seconds). 
Completed M-Step (0 seconds). 
calculate log likelihood 
Completing Iteration 1 (approx. per word bound = -21.283) 
Completed M-Step (0 seconds). 
.calculate log likelihood 
.Completing Iteration 1 (approx. per word bound = -21.283) 
...............................................................................................................................................................................................
Completed E-Step (9 seconds). 
Completed M-Step (0 seconds). 
.calculate log likelihood 
convergence.check is 1.41277e-05 
Model Terminated Before Convergence Reached 
........
Completed E-Step (9 seconds). 
Completed M-Step (0 seconds). 
calculate log likelihood 
convergence.check is 1.539333e-05 
Model Terminated Before Convergence Reached 
Initialization with topicScore. 
Initialization with topicScore. 
.....................................................................................................
Completed E-Step (31 seconds). 
Completed M-Step (0 seconds). 
calculate log likelihood 
Completing Iteration 1 (approx. per word bound = -21.283) 
.....................................................................................................
Completed E-Step (9 seconds). 
Completed M-Step (0 seconds). 
calculate log likelihood 
convergence.check is 1.350857e-05 
Model Terminated Before Convergence Reached 
Initialization with topicScore. 
..................................................................................................................................................................................................
Completed E-Step (31 seconds). 
Completed M-Step (0 seconds). 
.calculate log likelihood 
Completing Iteration 1 (approx. per word bound = -21.283) 
.................................
Completed E-Step (30 seconds). 
Completed M-Step (0 seconds). 
.calculate log likelihood 
Completing Iteration 1 (approx. per word bound = -21.283) 
....................................................................................................................................................
Completed E-Step (9 seconds). 
Completed M-Step (0 seconds). 
.calculate log likelihood 
convergence.check is 1.356154e-05 
Model Terminated Before Convergence Reached 
..........................
Completed E-Step (9 seconds). 
Completed M-Step (0 seconds). 
calculate log likelihood 
convergence.check is 1.576314e-05 
Model Terminated Before Convergence Reached 
Initialization with topicScore. 
Initialization with topicScore. 
.......................................................................................................
Completed E-Step (29 seconds). 
Completed M-Step (0 seconds). 
calculate log likelihood 
Completing Iteration 1 (approx. per word bound = -21.283) 
.....................................................................................................................
Completed E-Step (10 seconds). 
Completed M-Step (0 seconds). 
calculate log likelihood 
convergence.check is 1.567495e-05 
Model Terminated Before Convergence Reached 
....Initialization with topicScore. 
.............................................................................................
Completed E-Step (83 seconds). 
..Completed M-Step (1 seconds). 
calculate log likelihood 
.Completing Iteration 1 (approx. per word bound = -21.283) 
.......................................................................................................................................................................................................................................
Completed E-Step (33 seconds). 
.Completed M-Step (0 seconds). 
.calculate log likelihood 
convergence.check is 1.557015e-05 
Model Terminated Before Convergence Reached 
................................................................Initialization with topicScore. 
...............................................
.Completed E-Step (69 seconds). 
..Completed M-Step (0 seconds). 
calculate log likelihood 
Completing Iteration 1 (approx. per word bound = -21.283) 
.................................................................................................................................................................................................................
.Completed E-Step (22 seconds). 
Completed M-Step (0 seconds). 
.calculate log likelihood 
convergence.check is 1.500547e-05 
Model Terminated Before Convergence Reached 
.....................................................................Initialization with topicScore. 
........
Completed E-Step (73 seconds). 
.....Completed M-Step (0 seconds). 
calculate log likelihood 
.Completing Iteration 1 (approx. per word bound = -21.283) 
..................................................................................
.Completed E-Step (95 seconds). 
.............Completed M-Step (1 seconds). 
.calculate log likelihood 
..Completing Iteration 1 (approx. per word bound = -21.283) 
...........................................................