WARNING: ignoring environment value of R_HOME
Design is nSample10_nCellType8_noBatch_CancerCell 
Dir is /work/users/e/u/euphyw/scLDAseq/data/simulation/1MultiSample/SingleResponse/nSample10_nCellType8_noBatch_CancerCell 
sims_1733585194_NullModel.rds 
Number of Iteration is 2 with num.init 30 
        R/alignCorpus.R R/asSTMCorpus.R R/checkBeta.R R/cloud.R
value   ?               ?               ?             ?        
visible FALSE           FALSE           FALSE         FALSE    
        R/CompositionChange.R R/convertCorpus.R R/dataGen.R R/estimateEffect.R
value   ?                     ?                 ?           ?                 
visible FALSE                 FALSE             FALSE       FALSE             
        R/estimateMixedEffect.R R/etaPosterior.R R/exclusivity.R
value   ?                       ?                ?              
visible FALSE                   FALSE            FALSE          
        R/findThoughts.R R/findTopic.R R/fitNewDocuments.R R/GammaError.R
value   ?                ?             ?                   ?             
visible FALSE            FALSE         FALSE               FALSE         
        R/gammaPosterior.R R/heldout.R R/jeffreyskappa.R R/labelTopics.R
value   ?                  ?           ?                 ?              
visible FALSE              FALSE       FALSE             FALSE          
        R/makeDesignMatrix.R R/manyTopics.R R/multiSTM.R R/optimalK.R
value   ?                    ?              ?            ?           
visible FALSE                FALSE          FALSE        FALSE       
        R/permute.R R/plot.estimateEffect.R R/plot.fixedEffect.R
value   ?           ?                       ?                   
visible FALSE       FALSE                   FALSE               
        R/plot.searchK.R R/plot.STM.R R/plotModels.R R/plotQuote.R
value   ?                ?            ?              ?            
visible FALSE            FALSE        FALSE          FALSE        
        R/plotRemoved.R R/plottingutilfns.R R/plotTopicLoess.R
value   ?               ?                   ?                 
visible FALSE           FALSE               FALSE             
        R/prepDocuments.R R/prepsce.R R/produce_cmatrix.R R/RcppExports.R
value   ?                 ?           ?                   ?              
visible FALSE             FALSE       FALSE               FALSE          
        R/readCorpus.R R/residuals.R R/s.R R/sageLabels.R R/scSTM.R
value   ?              ?             ?     ?              ?        
visible FALSE          FALSE         FALSE FALSE          FALSE    
        R/selectModel_parallel.R R/selectModel.R R/semanticCoherence.R
value   ?                        ?               ?                    
visible FALSE                    FALSE           FALSE                
        R/simBetas.R R/spectral.R R/stm-package.R R/stm.control.R R/STMbound.R
value   ?            ?            NULL            ?               ?           
visible FALSE        FALSE        TRUE            FALSE           FALSE       
        R/STMconvergence.R R/STMestep.R R/STMfunctions.R R/STMinit.R
value   ?                  ?            ?                ?          
visible FALSE              FALSE        FALSE            FALSE      
        R/STMinitLikelihood.R R/STMlncpp.R R/STMmnreg.R R/STMmu.R
value   ?                     ?            ?            ?        
visible FALSE                 FALSE        FALSE        FALSE    
        R/STMoptbeta.R R/STMreport.R R/STMsigma.R R/STMsigs.R R/STMsubset.R
value   ?              ?             ?            ?           ?            
visible FALSE          FALSE         FALSE        FALSE       FALSE        
        R/structure_plot.R R/summary.STM.R R/tau.R R/textProcessor.R
value   ?                  ?               ?       ?                
visible FALSE              FALSE           FALSE   FALSE            
        R/ThetaManova.R R/thetaPosterior.R R/toLDAvis.R R/topicCorr.R
value   ?               ?                  ?            ?            
visible FALSE           FALSE              FALSE        FALSE        
        R/topicLasso.R R/topicQuality.R R/useful_functions.R R/writeLdac.R
value   ?              ?                ?                    ?            
visible FALSE          FALSE            FALSE                FALSE        
        R/zzz.R
value   ?      
visible FALSE  
starting worker pid=1277479 on localhost:11827 at 09:53:54.938
starting worker pid=1277474 on localhost:11827 at 09:53:55.147
starting worker pid=1277476 on localhost:11827 at 09:53:55.171
starting worker pid=1277475 on localhost:11827 at 09:53:55.249
starting worker pid=1277477 on localhost:11827 at 09:53:55.270
starting worker pid=1277472 on localhost:11827 at 09:53:55.271
starting worker pid=1277480 on localhost:11827 at 09:53:55.277
starting worker pid=1277473 on localhost:11827 at 09:53:55.279
starting worker pid=1277478 on localhost:11827 at 09:53:55.299
starting worker pid=1277481 on localhost:11827 at 09:53:55.334
Casting net 
Initialization with topicScore. 
Initialization with topicScore. 
Initialization with topicScore. 
Initialization with topicScore. 
Initialization with topicScore. 
Initialization with topicScore. 
Initialization with topicScore. 
Initialization with topicScore. 
Initialization with topicScore. 
Initialization with topicScore. 
.......................................................................................................................................................................................................................................................................................................................................................................................................................................................................................................................................................................................................................................................................................................................................................................................................................................................................................................
Completed E-Step (37 seconds). 
..........Completed M-Step (0 seconds). 
calculate log likelihood 
....Completing Iteration 1 (approx. per word bound = -21.455) 
.................
Completed E-Step (36 seconds). 
..............Completed M-Step (0 seconds). 
..calculate log likelihood 
....Completing Iteration 1 (approx. per word bound = -21.454) 
.................................................
Completed E-Step (38 seconds). 
................Completed M-Step (0 seconds). 
.calculate log likelihood 
....
Completed E-Step (37 seconds). 
...Completing Iteration 1 (approx. per word bound = -21.454) 
..
.Completed E-Step (37 seconds). 
...........Completed M-Step (0 seconds). 
...calculate log likelihood 
..Completed M-Step (0 seconds). 
...calculate log likelihood 
Completing Iteration 1 (approx. per word bound = -21.454) 
.....Completing Iteration 1 (approx. per word bound = -21.454) 
...........................................................................
...Completed E-Step (40 seconds). 
..........................Completed M-Step (0 seconds). 
.
.Completed E-Step (36 seconds). 
....calculate log likelihood 
............Completing Iteration 1 (approx. per word bound = -21.455) 
.......Completed M-Step (0 seconds). 
...calculate log likelihood 
.......Completing Iteration 1 (approx. per word bound = -21.454) 
...................................................................................................................
Completed E-Step (38 seconds). 
.............................Completed M-Step (0 seconds). 
...calculate log likelihood 
.........Completing Iteration 1 (approx. per word bound = -21.454) 
...................................................................
..Completed E-Step (38 seconds). 
............................Completed M-Step (0 seconds). 
...calculate log likelihood 
............Completing Iteration 1 (approx. per word bound = -21.454) 
......................................................
...Completed E-Step (40 seconds). 
.......................
Completed E-Step (9 seconds). 
...Completed M-Step (0 seconds). 
.Completed M-Step (0 seconds). 
calculate log likelihood 
convergence.check is 1.03936e-05 
Model Terminated Before Convergence Reached 
........calculate log likelihood 
.......Completing Iteration 1 (approx. per word bound = -21.455) 
...................................................................
..Completed E-Step (12 seconds). 
.Completed M-Step (0 seconds). 
...calculate log likelihood 
convergence.check is 1.1709e-05 
Model Terminated Before Convergence Reached 
..............................................................................................................................................................................................
Completed E-Step (11 seconds). 
..Completed M-Step (0 seconds). 
.....calculate log likelihood 
convergence.check is 1.695075e-05 
Model Terminated Before Convergence Reached 
..........................
.Completed E-Step (11 seconds). 
Initialization with topicScore. 

..Completed M-Step (0 seconds). 
Completed E-Step (11 seconds). 
..Completed M-Step (0 seconds). 
calculate log likelihood 
convergence.check is 1.154721e-05 
Model Terminated Before Convergence Reached 
..calculate log likelihood 
convergence.check is 1.933225e-05 
Model Terminated Before Convergence Reached 
................................................Initialization with topicScore. 
................................
Completed E-Step (11 seconds). 
.Completed M-Step (0 seconds). 
...calculate log likelihood 
convergence.check is 1.985408e-05 
Model Terminated Before Convergence Reached 
........
.Completed E-Step (11 seconds). 
.Completed M-Step (0 seconds). 
.calculate log likelihood 
convergence.check is 1.182803e-05 
Model Terminated Before Convergence Reached 
.......................................Initialization with topicScore. 
.............Initialization with topicScore. 
.Initialization with topicScore. 
...............
Completed E-Step (11 seconds). 
.Completed M-Step (0 seconds). 
calculate log likelihood 
convergence.check is 1.847888e-05 
Model Terminated Before Convergence Reached 
...............Initialization with topicScore. 
..........

Completed E-Step (11 seconds). 
Completed E-Step (10 seconds). 
Completed M-Step (0 seconds). 
Completed M-Step (0 seconds). 
calculate log likelihood 
calculate log likelihood 
convergence.check isconvergence.check is  1.852347e-051.589247e-05  

Model Terminated Before Convergence Reached 
Model Terminated Before Convergence Reached 
Initialization with topicScore. 
Initialization with topicScore. 
Initialization with topicScore. 
Initialization with topicScore. 
..........................................................................................................................................................................................................................................................................................................................................................................................................................................................................................................................................................................................................................................................................................................................................................................................................................................................................
.Completed E-Step (35 seconds). 
Completed M-Step (0 seconds). 
calculate log likelihood 
Completing Iteration 1 (approx. per word bound = -21.454) 
.........................................
Completed E-Step (39 seconds). 
Completed M-Step (0 seconds). 
..calculate log likelihood 
Completing Iteration 1 (approx. per word bound = -21.455) 
................................................
Completed E-Step (37 seconds). 
Completed M-Step (0 seconds). 
..calculate log likelihood 
Completing Iteration 1 (approx. per word bound = -21.454) 
.....................................................................................
.Completed E-Step (38 seconds). 
.Completed M-Step (0 seconds). 
...calculate log likelihood 
Completing Iteration 1 (approx. per word bound = -21.454) 
.............
Completed E-Step (38 seconds). 
.Completed M-Step (0 seconds). 
.calculate log likelihood 
Completing Iteration 1 (approx. per word bound = -21.454) 
.......................................................................................................................
Completed E-Step (39 seconds). 
Completed M-Step (0 seconds). 
.....calculate log likelihood 
Completing Iteration 1 (approx. per word bound = -21.454) 
.................................................
Completed E-Step (39 seconds). 
..Completed M-Step (0 seconds). 
...calculate log likelihood 
Completing Iteration 1 (approx. per word bound = -21.454) 
.............................................................................................................................................................................................................................
..Completed E-Step (36 seconds). 
..Completed M-Step (0 seconds). 
....calculate log likelihood 
Completing Iteration 1 (approx. per word bound = -21.454) 
........
.Completed E-Step (40 seconds). 
Completed M-Step (0 seconds). 

..Completed E-Step (10 seconds). 
.Completed M-Step (0 seconds). 
.calculate log likelihood 
Completing Iteration 1 (approx. per word bound = -21.455) 
....calculate log likelihood 
convergence.check is 1.063463e-05 
Model Terminated Before Convergence Reached 
........................................................................................................................

.Completed E-Step (11 seconds). 
.Completed E-Step (10 seconds). 
Completed M-Step (0 seconds). 
.Completed M-Step (0 seconds). 
..calculate log likelihood 
convergence.check is 1.967762e-05 
Model Terminated Before Convergence Reached 
.calculate log likelihood 
convergence.check is 1.01613e-05 
Model Terminated Before Convergence Reached 
...............................................................
..Completed E-Step (37 seconds). 
Completed M-Step (0 seconds). 
...calculate log likelihood 
Completing Iteration 1 (approx. per word bound = -21.454) 
...................................................................................................Initialization with topicScore. 
.......
.Completed E-Step (10 seconds). 
.Completed M-Step (0 seconds). 
....calculate log likelihood 
convergence.check is 1.201186e-05 
Model Terminated Before Convergence Reached 
..........
Completed E-Step (11 seconds). 
Completed M-Step (0 seconds). 
...calculate log likelihood 
convergence.check is 1.191903e-05 
Model Terminated Before Convergence Reached 
...........................................
..Completed E-Step (9 seconds). 
Completed M-Step (0 seconds). 
.calculate log likelihood 
convergence.check is 1.00287e-05 
Model Terminated Before Convergence Reached 
........Initialization with topicScore. 
...Initialization with topicScore. 
........................................................................
Completed E-Step (11 seconds). 
Completed M-Step (0 seconds). 
.calculate log likelihood 
convergence.check is 1.180084e-05 
Model Terminated Before Convergence Reached 
..............Initialization with topicScore. 
.....Initialization with topicScore. 
...........................Initialization with topicScore. 
.................................
Completed E-Step (11 seconds). 
.Completed M-Step (0 seconds). 
.calculate log likelihood 
convergence.check is 1.305171e-05 
Model Terminated Before Convergence Reached 
.....
Completed E-Step (11 seconds). 
.Completed M-Step (0 seconds). 
calculate log likelihood 
convergence.check is 2.017242e-05 
Model Terminated Before Convergence Reached 
...........Initialization with topicScore. 
........
Completed E-Step (10 seconds). 
Completed M-Step (0 seconds). 
calculate log likelihood 
convergence.check is 1.096925e-05 
Model Terminated Before Convergence Reached 
Initialization with topicScore. 
Initialization with topicScore. 
Initialization with topicScore. 
