WARNING: ignoring environment value of R_HOME
Design is nSample10_nCellType8_noBatch_CancerCell 
Dir is /work/users/e/u/euphyw/scLDAseq/data/simulation/1MultiSample/SingleResponse/nSample10_nCellType8_noBatch_CancerCell 
sims_1733584919_NullModel.rds 
Number of Iteration is 2 with num.init 30 
        R/alignCorpus.R R/asSTMCorpus.R R/checkBeta.R R/cloud.R
value   ?               ?               ?             ?        
visible FALSE           FALSE           FALSE         FALSE    
        R/CompositionChange.R R/convertCorpus.R R/dataGen.R R/estimateEffect.R
value   ?                     ?                 ?           ?                 
visible FALSE                 FALSE             FALSE       FALSE             
        R/estimateMixedEffect.R R/etaPosterior.R R/exclusivity.R
value   ?                       ?                ?              
visible FALSE                   FALSE            FALSE          
        R/findThoughts.R R/findTopic.R R/fitNewDocuments.R R/GammaError.R
value   ?                ?             ?                   ?             
visible FALSE            FALSE         FALSE               FALSE         
        R/gammaPosterior.R R/heldout.R R/jeffreyskappa.R R/labelTopics.R
value   ?                  ?           ?                 ?              
visible FALSE              FALSE       FALSE             FALSE          
        R/makeDesignMatrix.R R/manyTopics.R R/multiSTM.R R/optimalK.R
value   ?                    ?              ?            ?           
visible FALSE                FALSE          FALSE        FALSE       
        R/permute.R R/plot.estimateEffect.R R/plot.fixedEffect.R
value   ?           ?                       ?                   
visible FALSE       FALSE                   FALSE               
        R/plot.searchK.R R/plot.STM.R R/plotModels.R R/plotQuote.R
value   ?                ?            ?              ?            
visible FALSE            FALSE        FALSE          FALSE        
        R/plotRemoved.R R/plottingutilfns.R R/plotTopicLoess.R
value   ?               ?                   ?                 
visible FALSE           FALSE               FALSE             
        R/prepDocuments.R R/prepsce.R R/produce_cmatrix.R R/RcppExports.R
value   ?                 ?           ?                   ?              
visible FALSE             FALSE       FALSE               FALSE          
        R/readCorpus.R R/residuals.R R/s.R R/sageLabels.R R/scSTM.R
value   ?              ?             ?     ?              ?        
visible FALSE          FALSE         FALSE FALSE          FALSE    
        R/selectModel_parallel.R R/selectModel.R R/semanticCoherence.R
value   ?                        ?               ?                    
visible FALSE                    FALSE           FALSE                
        R/simBetas.R R/spectral.R R/stm-package.R R/stm.control.R R/STMbound.R
value   ?            ?            NULL            ?               ?           
visible FALSE        FALSE        TRUE            FALSE           FALSE       
        R/STMconvergence.R R/STMestep.R R/STMfunctions.R R/STMinit.R
value   ?                  ?            ?                ?          
visible FALSE              FALSE        FALSE            FALSE      
        R/STMinitLikelihood.R R/STMlncpp.R R/STMmnreg.R R/STMmu.R
value   ?                     ?            ?            ?        
visible FALSE                 FALSE        FALSE        FALSE    
        R/STMoptbeta.R R/STMreport.R R/STMsigma.R R/STMsigs.R R/STMsubset.R
value   ?              ?             ?            ?           ?            
visible FALSE          FALSE         FALSE        FALSE       FALSE        
        R/structure_plot.R R/summary.STM.R R/tau.R R/textProcessor.R
value   ?                  ?               ?       ?                
visible FALSE              FALSE           FALSE   FALSE            
        R/ThetaManova.R R/thetaPosterior.R R/toLDAvis.R R/topicCorr.R
value   ?               ?                  ?            ?            
visible FALSE           FALSE              FALSE        FALSE        
        R/topicLasso.R R/topicQuality.R R/useful_functions.R R/writeLdac.R
value   ?              ?                ?                    ?            
visible FALSE          FALSE            FALSE                FALSE        
        R/zzz.R
value   ?      
visible FALSE  
starting worker pid=2458451 on localhost:11720 at 09:54:03.473
starting worker pid=2458454 on localhost:11720 at 09:54:03.478
starting worker pid=2458456 on localhost:11720 at 09:54:03.478
starting worker pid=2458457 on localhost:11720 at 09:54:03.478
starting worker pid=2458449 on localhost:11720 at 09:54:03.479
starting worker pid=2458452 on localhost:11720 at 09:54:03.480
starting worker pid=2458450 on localhost:11720 at 09:54:03.480
starting worker pid=2458448 on localhost:11720 at 09:54:03.486
starting worker pid=2458453 on localhost:11720 at 09:54:03.535
starting worker pid=2458455 on localhost:11720 at 09:54:03.541
Casting net 
Initialization with topicScore. 
Initialization with topicScore. 
Initialization with topicScore. 
Initialization with topicScore. 
Initialization with topicScore. 
Initialization with topicScore. 
Initialization with topicScore. 
Initialization with topicScore. 
Initialization with topicScore. 
Initialization with topicScore. 
..............................................................................................................................................................................................................................................................................................................................................................................................................................................................................................................................................................................................................................................................................................................................................................................................................................................................................................................................................................................................
Completed E-Step (51 seconds). 
..........
Completed M-Step (0 seconds). 
Completed E-Step (50 seconds). 
.calculate log likelihood 
.....Completing Iteration 1 (approx. per word bound = -23.928) 
.......Completed M-Step (0 seconds). 
.calculate log likelihood 
......
.Completed E-Step (51 seconds). 
Completing Iteration 1 (approx. per word bound = -23.928) 
....
.Completed E-Step (53 seconds). 
..........Completed M-Step (0 seconds). 
...
calculate log likelihood 
Completed E-Step (51 seconds). 
...Completed M-Step (0 seconds). 
.Completing Iteration 1 (approx. per word bound = -23.928) 
calculate log likelihood 

..Completed E-Step (51 seconds). 
....Completing Iteration 1 (approx. per word bound = -23.928) 
.....Completed M-Step (0 seconds). 
.calculate log likelihood 
........Completing Iteration 1 (approx. per word bound = -23.928) 
.Completed M-Step (0 seconds). 
........calculate log likelihood 
......Completing Iteration 1 (approx. per word bound = -23.928) 
........
Completed E-Step (51 seconds). 
........
..Completed E-Step (50 seconds). 
................Completed M-Step (0 seconds). 
....calculate log likelihood 
....
Completed E-Step (52 seconds). 
...Completing Iteration 1 (approx. per word bound = -23.928) 
Completed M-Step (0 seconds). 
.......calculate log likelihood 
.........Completing Iteration 1 (approx. per word bound = -23.928) 
........Completed M-Step (0 seconds). 
.....calculate log likelihood 
..........Completing Iteration 1 (approx. per word bound = -23.928) 
.....
...Completed E-Step (52 seconds). 
...................................Completed M-Step (0 seconds). 
.....calculate log likelihood 
.........Completing Iteration 1 (approx. per word bound = -23.928) 
................................................................................................................................................................................................................................................................................................................................................................................................................................................................................................................................................................................................................................
..Completed E-Step (14 seconds). 
..Completed M-Step (0 seconds). 
....calculate log likelihood 
convergence.check is 1.571748e-05 
Model Terminated Before Convergence Reached 
...............................................................................
..Completed E-Step (17 seconds). 
..Completed M-Step (0 seconds). 
...calculate log likelihood 
convergence.check is 1.828188e-05 
Model Terminated Before Convergence Reached 
.........................................
..Completed E-Step (16 seconds). 
.Completed M-Step (0 seconds). 
...
.calculate log likelihood 
convergence.check is 1.276671e-05 
Model Terminated Before Convergence Reached 
.Completed E-Step (15 seconds). 
.Completed M-Step (0 seconds). 
......calculate log likelihood 
convergence.check is 1.70649e-05 
Model Terminated Before Convergence Reached 
.
.Completed E-Step (16 seconds). 
.Completed M-Step (0 seconds). 
...calculate log likelihood 
convergence.check is 1.303711e-05 
Model Terminated Before Convergence Reached 
..............................
.Completed E-Step (15 seconds). 
Completed M-Step (0 seconds). 
...calculate log likelihood 
convergence.check is 1.304599e-05 
Model Terminated Before Convergence Reached 
....
Completed E-Step (18 seconds). 
Completed M-Step (0 seconds). 
..calculate log likelihood 
convergence.check is 1.583384e-05 
Model Terminated Before Convergence Reached 
................Initialization with topicScore. 
....
Completed E-Step (17 seconds). 
Completed M-Step (0 seconds). 
..calculate log likelihood 
convergence.check is 1.439459e-05 
Model Terminated Before Convergence Reached 

Completed E-Step (17 seconds). 
Completed M-Step (0 seconds). 
.calculate log likelihood 
convergence.check is 1.359953e-05 
Model Terminated Before Convergence Reached 
......
Completed E-Step (16 seconds). 
Initialization with topicScore. 
Completed M-Step (0 seconds). 
calculate log likelihood 
convergence.check is 1.507072e-05 
Model Terminated Before Convergence Reached 
Initialization with topicScore. 
Initialization with topicScore. 
Initialization with topicScore. 
Initialization with topicScore. 
Initialization with topicScore. 
Initialization with topicScore. 
Initialization with topicScore. 
Initialization with topicScore. 
