WARNING: ignoring environment value of R_HOME
Design is nSample10_nCellType8_noBatch_CancerCell 
Dir is /work/users/e/u/euphyw/scLDAseq/data/simulation/1MultiSample/SingleResponse/nSample10_nCellType8_noBatch_CancerCell 
sims_1733585199_NullModel.rds 
Number of Iteration is 2 with num.init 30 
        R/alignCorpus.R R/asSTMCorpus.R R/checkBeta.R R/cloud.R
value   ?               ?               ?             ?        
visible FALSE           FALSE           FALSE         FALSE    
        R/CompositionChange.R R/convertCorpus.R R/dataGen.R R/estimateEffect.R
value   ?                     ?                 ?           ?                 
visible FALSE                 FALSE             FALSE       FALSE             
        R/estimateMixedEffect.R R/etaPosterior.R R/exclusivity.R
value   ?                       ?                ?              
visible FALSE                   FALSE            FALSE          
        R/findThoughts.R R/findTopic.R R/fitNewDocuments.R R/GammaError.R
value   ?                ?             ?                   ?             
visible FALSE            FALSE         FALSE               FALSE         
        R/gammaPosterior.R R/heldout.R R/jeffreyskappa.R R/labelTopics.R
value   ?                  ?           ?                 ?              
visible FALSE              FALSE       FALSE             FALSE          
        R/makeDesignMatrix.R R/manyTopics.R R/multiSTM.R R/optimalK.R
value   ?                    ?              ?            ?           
visible FALSE                FALSE          FALSE        FALSE       
        R/permute.R R/plot.estimateEffect.R R/plot.fixedEffect.R
value   ?           ?                       ?                   
visible FALSE       FALSE                   FALSE               
        R/plot.searchK.R R/plot.STM.R R/plotModels.R R/plotQuote.R
value   ?                ?            ?              ?            
visible FALSE            FALSE        FALSE          FALSE        
        R/plotRemoved.R R/plottingutilfns.R R/plotTopicLoess.R
value   ?               ?                   ?                 
visible FALSE           FALSE               FALSE             
        R/prepDocuments.R R/prepsce.R R/produce_cmatrix.R R/RcppExports.R
value   ?                 ?           ?                   ?              
visible FALSE             FALSE       FALSE               FALSE          
        R/readCorpus.R R/residuals.R R/s.R R/sageLabels.R R/scSTM.R
value   ?              ?             ?     ?              ?        
visible FALSE          FALSE         FALSE FALSE          FALSE    
        R/selectModel_parallel.R R/selectModel.R R/semanticCoherence.R
value   ?                        ?               ?                    
visible FALSE                    FALSE           FALSE                
        R/simBetas.R R/spectral.R R/stm-package.R R/stm.control.R R/STMbound.R
value   ?            ?            NULL            ?               ?           
visible FALSE        FALSE        TRUE            FALSE           FALSE       
        R/STMconvergence.R R/STMestep.R R/STMfunctions.R R/STMinit.R
value   ?                  ?            ?                ?          
visible FALSE              FALSE        FALSE            FALSE      
        R/STMinitLikelihood.R R/STMlncpp.R R/STMmnreg.R R/STMmu.R
value   ?                     ?            ?            ?        
visible FALSE                 FALSE        FALSE        FALSE    
        R/STMoptbeta.R R/STMreport.R R/STMsigma.R R/STMsigs.R R/STMsubset.R
value   ?              ?             ?            ?           ?            
visible FALSE          FALSE         FALSE        FALSE       FALSE        
        R/structure_plot.R R/summary.STM.R R/tau.R R/textProcessor.R
value   ?                  ?               ?       ?                
visible FALSE              FALSE           FALSE   FALSE            
        R/ThetaManova.R R/thetaPosterior.R R/toLDAvis.R R/topicCorr.R
value   ?               ?                  ?            ?            
visible FALSE           FALSE              FALSE        FALSE        
        R/topicLasso.R R/topicQuality.R R/useful_functions.R R/writeLdac.R
value   ?              ?                ?                    ?            
visible FALSE          FALSE            FALSE                FALSE        
        R/zzz.R
value   ?      
visible FALSE  
starting worker pid=1277587 on localhost:11496 at 09:53:55.508
starting worker pid=1277594 on localhost:11496 at 09:53:55.514
starting worker pid=1277592 on localhost:11496 at 09:53:55.540
starting worker pid=1277595 on localhost:11496 at 09:53:55.550
starting worker pid=1277584 on localhost:11496 at 09:53:55.552
starting worker pid=1277588 on localhost:11496 at 09:53:55.554
starting worker pid=1277599 on localhost:11496 at 09:53:55.556
starting worker pid=1277590 on localhost:11496 at 09:53:55.556
starting worker pid=1277600 on localhost:11496 at 09:53:55.557
starting worker pid=1277597 on localhost:11496 at 09:53:55.583
Casting net 
Initialization with topicScore. 
Initialization with topicScore. 
Initialization with topicScore. 
Initialization with topicScore. 
Initialization with topicScore. 
Initialization with topicScore. 
Initialization with topicScore. 
Initialization with topicScore. 
Initialization with topicScore. 
Initialization with topicScore. 
......................................................................................................................................................................................................................................................................................................................................................................................................................................................................
Completed E-Step (35 seconds). 
............Completed M-Step (0 seconds). 
.calculate log likelihood 
....Completing Iteration 1 (approx. per word bound = -21.545) 
.........................................................................................................................................................................................................................................................................................................................................................................................................
.Completed E-Step (11 seconds). 
..Completed M-Step (0 seconds). 
.calculate log likelihood 
convergence.check is 1.120728e-05 
Model Terminated Before Convergence Reached 
.......................................................................................
Completed E-Step (37 seconds). 
...........Completed M-Step (0 seconds). 
calculate log likelihood 
..Completing Iteration 1 (approx. per word bound = -21.545) 
..................Initialization with topicScore. 
...........................
Completed E-Step (36 seconds). 
.........
.Completed E-Step (36 seconds). 
...Completed M-Step (0 seconds). 
...calculate log likelihood 
..Completing Iteration 1 (approx. per word bound = -21.545) 
.Completed M-Step (0 seconds). 
calculate log likelihood 
....Completing Iteration 1 (approx. per word bound = -21.546) 
.......................................................................
Completed E-Step (36 seconds). 
........
Completed E-Step (37 seconds). 
.........Completed M-Step (0 seconds). 
....calculate log likelihood 
......Completing Iteration 1 (approx. per word bound = -21.545) 
Completed M-Step (0 seconds). 
.calculate log likelihood 
...............Completing Iteration 1 (approx. per word bound = -21.545) 
.............................................
Completed E-Step (36 seconds). 
.......................Completed M-Step (0 seconds). 
......calculate log likelihood 
.....Completing Iteration 1 (approx. per word bound = -21.545) 
..........................................................................................................................................................
Completed E-Step (38 seconds). 
...........................Completed M-Step (0 seconds). 
.....calculate log likelihood 
........Completing Iteration 1 (approx. per word bound = -21.545) 
.................................................................................
.Completed E-Step (10 seconds). 
..Completed M-Step (0 seconds). 
....calculate log likelihood 
convergence.check is 1.390466e-05 
Model Terminated Before Convergence Reached 
....................................................................
..Completed E-Step (37 seconds). 
...........................Completed M-Step (0 seconds). 
.....calculate log likelihood 
......Completing Iteration 1 (approx. per word bound = -21.545) 
.........................
Completed E-Step (10 seconds). 
...Completed M-Step (0 seconds). 
..
Completed E-Step (10 seconds). 
.calculate log likelihood 
convergence.check is 1.361895e-05 
Model Terminated Before Convergence Reached 
Completed M-Step (0 seconds). 
..calculate log likelihood 
convergence.check is 1.440908e-05 
Model Terminated Before Convergence Reached 
..........................................................................
.Completed E-Step (9 seconds). 
.Completed M-Step (0 seconds). 
.calculate log likelihood 
convergence.check is 1.143277e-05 
Model Terminated Before Convergence Reached 
...............Initialization with topicScore. 
.......................................
Completed E-Step (38 seconds). 
...............Completed M-Step (0 seconds). 
calculate log likelihood 
....
Completed E-Step (11 seconds). 
Completed M-Step (0 seconds). 
Completing Iteration 1 (approx. per word bound = -21.545) 
..calculate log likelihood 
convergence.check is 1.411987e-05 
Model Terminated Before Convergence Reached 
.Initialization with topicScore. 
...............................Initialization with topicScore. 
.............
..Completed E-Step (11 seconds). 
Completed M-Step (0 seconds). 
.calculate log likelihood 
convergence.check is 1.128073e-05 
Model Terminated Before Convergence Reached 
.......................Initialization with topicScore. 
.........................................................
Completed E-Step (11 seconds). 
Completed M-Step (0 seconds). 
.calculate log likelihood 
convergence.check is 1.427169e-05 
Model Terminated Before Convergence Reached 
....Initialization with topicScore. 
.........................Initialization with topicScore. 
................................
Completed E-Step (12 seconds). 
.Completed M-Step (0 seconds). 
calculate log likelihood 
convergence.check is 1.050303e-05 
Model Terminated Before Convergence Reached 
...Initialization with topicScore. 
......................
Completed E-Step (10 seconds). 
Completed M-Step (0 seconds). 
calculate log likelihood 
convergence.check is 1.426153e-05 
Model Terminated Before Convergence Reached 
Initialization with topicScore. 
Initialization with topicScore. 
................................................................................................................................................................................................................................................................................................................................................................................................................................................................................................
Completed E-Step (38 seconds). 
Completed M-Step (0 seconds). 
.calculate log likelihood 
Completing Iteration 1 (approx. per word bound = -21.546) 
..........................................................................................................................................................................................................................................................................................
.Completed E-Step (36 seconds). 
.Completed M-Step (0 seconds). 
.calculate log likelihood 
Completing Iteration 1 (approx. per word bound = -21.545) 
.......................................................................................................................................................................
Completed E-Step (13 seconds). 
Completed M-Step (0 seconds). 
...calculate log likelihood 
convergence.check is 1.656309e-05 
Model Terminated Before Convergence Reached 
.......................
Completed E-Step (36 seconds). 
Completed M-Step (0 seconds). 
.calculate log likelihood 
Completing Iteration 1 (approx. per word bound = -21.545) 
...............................................................................................................................
Completed E-Step (37 seconds). 
.Completed M-Step (0 seconds). 
.Initialization with topicScore. 
calculate log likelihood 
Completing Iteration 1 (approx. per word bound = -21.545) 
................................................................................................................................
.Completed E-Step (11 seconds). 
.Completed M-Step (0 seconds). 
calculate log likelihood 
convergence.check is 1.285797e-05 
Model Terminated Before Convergence Reached 
.......
Completed E-Step (35 seconds). 
Completed M-Step (0 seconds). 
..calculate log likelihood 
Completing Iteration 1 (approx. per word bound = -21.545) 
.....
...Completed E-Step (37 seconds). 
Completed M-Step (0 seconds). 
..calculate log likelihood 
Completing Iteration 1 (approx. per word bound = -21.545) 
.....................................................................................................................................
..Completed E-Step (37 seconds). 
Completed M-Step (0 seconds). 
...calculate log likelihood 
Completing Iteration 1 (approx. per word bound = -21.545) 
......................Initialization with topicScore. 
.........................
Completed E-Step (35 seconds). 
.Completed M-Step (0 seconds). 
..calculate log likelihood 
Completing Iteration 1 (approx. per word bound = -21.545) 
......................
Completed E-Step (11 seconds). 
.Completed M-Step (0 seconds). 
.calculate log likelihood 
convergence.check is 1.242471e-05 
Model Terminated Before Convergence Reached 
...............................................................................................................
Completed E-Step (10 seconds). 
..Completed M-Step (0 seconds). 
.
.Completed E-Step (39 seconds). 
calculate log likelihood 
convergence.check is 1.363439e-05 
Model Terminated Before Convergence Reached 
Completed M-Step (0 seconds). 
.calculate log likelihood 
Completing Iteration 1 (approx. per word bound = -21.545) 
........................................................................................Initialization with topicScore. 
..................................................................................................Initialization with topicScore. 
............................................
.Completed E-Step (11 seconds). 
Completed M-Step (0 seconds). 
.calculate log likelihood 
convergence.check is 1.221956e-05 
Model Terminated Before Convergence Reached 
.............................
Completed E-Step (35 seconds). 
..Completed M-Step (0 seconds). 
.calculate log likelihood 
Completing Iteration 1 (approx. per word bound = -21.545) 
..........................................
Completed E-Step (13 seconds). 
Completed M-Step (0 seconds). 
....calculate log likelihood 
convergence.check is 1.440872e-05 
Model Terminated Before Convergence Reached 
...........................
..Completed E-Step (10 seconds). 
Completed M-Step (0 seconds). 

.Completed E-Step (11 seconds). 
.calculate log likelihood 
convergence.check is 1.459897e-05 
Model Terminated Before Convergence Reached 
Completed M-Step (0 seconds). 
calculate log likelihood 
convergence.check is 1.149307e-05 
Model Terminated Before Convergence Reached 
........................Initialization with topicScore. 
.....................................
Completed E-Step (10 seconds). 
Completed M-Step (0 seconds). 
calculate log likelihood 
convergence.check is 1.249088e-05 
Model Terminated Before Convergence Reached 
.....Initialization with topicScore. 
...Initialization with topicScore. 
.......Initialization with topicScore. 
..................Initialization with topicScore. 
...................
Completed E-Step (10 seconds). 
Completed M-Step (0 seconds). 
calculate log likelihood 
convergence.check is 1.332543e-05 
Model Terminated Before Convergence Reached 
Initialization with topicScore. 
