/users/e/u/euphyw/scSTMseq/data/simulation/1MultiSample/SingleResponse/nSample10_nCellType5_noBatch_CancerCell/scSTM_Pooled_noContent_Prevalence_Time/scSTM_1747546412_HighVar0.1.rds
WARNING: ignoring environment value of R_HOME
Dir is /users/e/u/euphyw/scSTMseq/data/simulation/1MultiSample/SingleResponse/nSample10_nCellType5_noBatch_CancerCell 
scSTM dir is scSTM_Pooled_noContent_Prevalence_Time 
scSTM_1747546412_HighVar0.1.rds 
        R/alignCorpus.R R/asSTMCorpus.R R/checkBeta.R R/cloud.R
value   ?               ?               ?             ?        
visible FALSE           FALSE           FALSE         FALSE    
        R/CompositionChange.R R/convertCorpus.R R/dataGen.R R/estimateEffect.R
value   ?                     ?                 ?           ?                 
visible FALSE                 FALSE             FALSE       FALSE             
        R/estimateMixedEffect.R R/etaPosterior.R R/exclusivity.R
value   ?                       ?                ?              
visible FALSE                   FALSE            FALSE          
        R/findThoughts.R R/findTopic.R R/fitNewDocuments.R R/GammaError.R
value   ?                ?             ?                   ?             
visible FALSE            FALSE         FALSE               FALSE         
        R/gammaPosterior.R R/heldout.R R/jeffreyskappa.R R/labelTopics.R
value   ?                  ?           ?                 ?              
visible FALSE              FALSE       FALSE             FALSE          
        R/makeDesignMatrix.R R/manyTopics.R R/multiSTM.R R/optimalK.R
value   ?                    ?              ?            ?           
visible FALSE                FALSE          FALSE        FALSE       
        R/permute.R R/plot.estimateEffect.R R/plot.fixedEffect.R
value   ?           ?                       ?                   
visible FALSE       FALSE                   FALSE               
        R/plot.searchK.R R/plot.STM.R R/plotModels.R R/plotQuote.R
value   ?                ?            ?              ?            
visible FALSE            FALSE        FALSE          FALSE        
        R/plotRemoved.R R/plottingutilfns.R R/plotTopicLoess.R
value   ?               ?                   ?                 
visible FALSE           FALSE               FALSE             
        R/prepDocuments.R R/prepsce.R R/produce_cmatrix.R R/RcppExports.R
value   ?                 ?           ?                   ?              
visible FALSE             FALSE       FALSE               FALSE          
        R/readCorpus.R R/residuals.R R/s.R R/sageLabels.R R/scSTM.R
value   ?              ?             ?     ?              ?        
visible FALSE          FALSE         FALSE FALSE          FALSE    
        R/selectModel_parallel.R R/selectModel.R R/semanticCoherence.R
value   ?                        ?               ?                    
visible FALSE                    FALSE           FALSE                
        R/simBetas.R R/spectral.R R/stm-package.R R/stm.control.R R/STMbound.R
value   ?            ?            NULL            ?               ?           
visible FALSE        FALSE        TRUE            FALSE           FALSE       
        R/STMconvergence.R R/STMestep.R R/STMfunctions.R R/STMinit.R
value   ?                  ?            ?                ?          
visible FALSE              FALSE        FALSE            FALSE      
        R/STMinitLikelihood.R R/STMlncpp.R R/STMmnreg.R R/STMmu.R
value   ?                     ?            ?            ?        
visible FALSE                 FALSE        FALSE        FALSE    
        R/STMoptbeta.R R/STMreport.R R/STMsigma.R R/STMsigs.R R/STMsubset.R
value   ?              ?             ?            ?           ?            
visible FALSE          FALSE         FALSE        FALSE       FALSE        
        R/structure_plot.R R/summary.STM.R R/tau.R R/textProcessor.R
value   ?                  ?               ?       ?                
visible FALSE              FALSE           FALSE   FALSE            
        R/ThetaManova.R R/thetaPosterior.R R/toLDAvis.R R/topicCorr.R
value   ?               ?                  ?            ?            
visible FALSE           FALSE              FALSE        FALSE        
        R/topicLasso.R R/topicQuality.R R/useful_functions.R R/writeLdac.R
value   ?              ?                ?                    ?            
visible FALSE          FALSE            FALSE                FALSE        
        R/zzz.R
value   ?      
visible FALSE  
