WARNING: ignoring environment value of R_HOME
Design is nSample10_nCellType8_noBatch_CancerCell 
Dir is /work/users/e/u/euphyw/scLDAseq/data/simulation/1MultiSample/SingleResponse/nSample10_nCellType8_noBatch_CancerCell 
sims_1733585192_NullModel.rds 
Number of Iteration is 2 with num.init 30 
        R/alignCorpus.R R/asSTMCorpus.R R/checkBeta.R R/cloud.R
value   ?               ?               ?             ?        
visible FALSE           FALSE           FALSE         FALSE    
        R/CompositionChange.R R/convertCorpus.R R/dataGen.R R/estimateEffect.R
value   ?                     ?                 ?           ?                 
visible FALSE                 FALSE             FALSE       FALSE             
        R/estimateMixedEffect.R R/etaPosterior.R R/exclusivity.R
value   ?                       ?                ?              
visible FALSE                   FALSE            FALSE          
        R/findThoughts.R R/findTopic.R R/fitNewDocuments.R R/GammaError.R
value   ?                ?             ?                   ?             
visible FALSE            FALSE         FALSE               FALSE         
        R/gammaPosterior.R R/heldout.R R/jeffreyskappa.R R/labelTopics.R
value   ?                  ?           ?                 ?              
visible FALSE              FALSE       FALSE             FALSE          
        R/makeDesignMatrix.R R/manyTopics.R R/multiSTM.R R/optimalK.R
value   ?                    ?              ?            ?           
visible FALSE                FALSE          FALSE        FALSE       
        R/permute.R R/plot.estimateEffect.R R/plot.fixedEffect.R
value   ?           ?                       ?                   
visible FALSE       FALSE                   FALSE               
        R/plot.searchK.R R/plot.STM.R R/plotModels.R R/plotQuote.R
value   ?                ?            ?              ?            
visible FALSE            FALSE        FALSE          FALSE        
        R/plotRemoved.R R/plottingutilfns.R R/plotTopicLoess.R
value   ?               ?                   ?                 
visible FALSE           FALSE               FALSE             
        R/prepDocuments.R R/prepsce.R R/produce_cmatrix.R R/RcppExports.R
value   ?                 ?           ?                   ?              
visible FALSE             FALSE       FALSE               FALSE          
        R/readCorpus.R R/residuals.R R/s.R R/sageLabels.R R/scSTM.R
value   ?              ?             ?     ?              ?        
visible FALSE          FALSE         FALSE FALSE          FALSE    
        R/selectModel_parallel.R R/selectModel.R R/semanticCoherence.R
value   ?                        ?               ?                    
visible FALSE                    FALSE           FALSE                
        R/simBetas.R R/spectral.R R/stm-package.R R/stm.control.R R/STMbound.R
value   ?            ?            NULL            ?               ?           
visible FALSE        FALSE        TRUE            FALSE           FALSE       
        R/STMconvergence.R R/STMestep.R R/STMfunctions.R R/STMinit.R
value   ?                  ?            ?                ?          
visible FALSE              FALSE        FALSE            FALSE      
        R/STMinitLikelihood.R R/STMlncpp.R R/STMmnreg.R R/STMmu.R
value   ?                     ?            ?            ?        
visible FALSE                 FALSE        FALSE        FALSE    
        R/STMoptbeta.R R/STMreport.R R/STMsigma.R R/STMsigs.R R/STMsubset.R
value   ?              ?             ?            ?           ?            
visible FALSE          FALSE         FALSE        FALSE       FALSE        
        R/structure_plot.R R/summary.STM.R R/tau.R R/textProcessor.R
value   ?                  ?               ?       ?                
visible FALSE              FALSE           FALSE   FALSE            
        R/ThetaManova.R R/thetaPosterior.R R/toLDAvis.R R/topicCorr.R
value   ?               ?                  ?            ?            
visible FALSE           FALSE              FALSE        FALSE        
        R/topicLasso.R R/topicQuality.R R/useful_functions.R R/writeLdac.R
value   ?              ?                ?                    ?            
visible FALSE          FALSE            FALSE                FALSE        
        R/zzz.R
value   ?      
visible FALSE  
starting worker pid=1277553 on localhost:11085 at 09:53:55.273
starting worker pid=1277558 on localhost:11085 at 09:53:55.334
starting worker pid=1277554 on localhost:11085 at 09:53:55.353
starting worker pid=1277562 on localhost:11085 at 09:53:55.358
starting worker pid=1277581 on localhost:11085 at 09:53:55.382
starting worker pid=1277559 on localhost:11085 at 09:53:55.383
starting worker pid=1277556 on localhost:11085 at 09:53:55.432
starting worker pid=1277573 on localhost:11085 at 09:53:55.451
starting worker pid=1277577 on localhost:11085 at 09:53:55.465
starting worker pid=1277566 on localhost:11085 at 09:53:55.482
Casting net 
Initialization with topicScore. 
Initialization with topicScore. 
Initialization with topicScore. 
Initialization with topicScore. 
Initialization with topicScore. 
Initialization with topicScore. 
Initialization with topicScore. 
Initialization with topicScore. 
Initialization with topicScore. 
Initialization with topicScore. 
........................................................................................................................................................................................................................................................................................................................................................................................................................................................................................................................................................................................................................................................................................................................................................................................................................................................
Completed E-Step (34 seconds). 
.........Completed M-Step (0 seconds). 
...calculate log likelihood 
....Completing Iteration 1 (approx. per word bound = -22.857) 
........................................
Completed E-Step (37 seconds). 
............Completed M-Step (0 seconds). 
..calculate log likelihood 
......Completing Iteration 1 (approx. per word bound = -22.857) 
.....................................................................
Completed E-Step (38 seconds). 
..............Completed M-Step (0 seconds). 
...calculate log likelihood 
.....Completing Iteration 1 (approx. per word bound = -22.857) 
.....
..Completed E-Step (36 seconds). 
...............Completed M-Step (0 seconds). 
....calculate log likelihood 
........Completing Iteration 1 (approx. per word bound = -22.857) 
........
..Completed E-Step (39 seconds). 
....................Completed M-Step (0 seconds). 
...calculate log likelihood 
............Completing Iteration 1 (approx. per word bound = -22.857) 
.......................................................................................................................................................

Completed E-Step (38 seconds). 
.Completed E-Step (42 seconds). 
......................Completed M-Step (0 seconds). 
Completed M-Step (0 seconds). 
.calculate log likelihood 
...calculate log likelihood 
.......Completing Iteration 1 (approx. per word bound = -22.857) 
.Completing Iteration 1 (approx. per word bound = -22.857) 
........
..Completed E-Step (37 seconds). 
...........................Completed M-Step (0 seconds). 
.....calculate log likelihood 
.........Completing Iteration 1 (approx. per word bound = -22.857) 
.........................................
..Completed E-Step (38 seconds). 
............................Completed M-Step (0 seconds). 
.....calculate log likelihood 
...........Completing Iteration 1 (approx. per word bound = -22.857) 
....
Completed E-Step (11 seconds). 
.Completed M-Step (0 seconds). 
....calculate log likelihood 
convergence.check is 1.272584e-05 
Model Terminated Before Convergence Reached 
...................................................................................................
Completed E-Step (40 seconds). 
..............................Completed M-Step (0 seconds). 
...calculate log likelihood 
...........Completing Iteration 1 (approx. per word bound = -22.857) 
..
.Completed E-Step (11 seconds). 
.Completed M-Step (0 seconds). 
.....calculate log likelihood 
convergence.check is 1.313216e-05 
Model Terminated Before Convergence Reached 
.....................................................................................................................................Initialization with topicScore. 
..........................................
Completed E-Step (11 seconds). 
.Completed M-Step (0 seconds). 
.....calculate log likelihood 
convergence.check is 1.263345e-05 
Model Terminated Before Convergence Reached 
..............
....Completed E-Step (12 seconds). 
.Completed M-Step (0 seconds). 

Completed E-Step (10 seconds). 
.calculate log likelihood 
convergence.check is 1.47578e-05 
Model Terminated Before Convergence Reached 
Completed M-Step (0 seconds). 
..calculate log likelihood 
convergence.check is 1.290077e-05 
Model Terminated Before Convergence Reached 
......................................Initialization with topicScore. 
........................................................................................................................................Initialization with topicScore. 
.......Initialization with topicScore. 
.....Initialization with topicScore. 
.........................................
.Completed E-Step (12 seconds). 
Completed M-Step (0 seconds). 
.
.Completed E-Step (12 seconds). 
calculate log likelihood 
convergence.check is 1.505633e-05 
Model Terminated Before Convergence Reached 
Completed M-Step (0 seconds). 
..calculate log likelihood 
convergence.check is 1.296674e-05 
Model Terminated Before Convergence Reached 
....
Completed E-Step (13 seconds). 
Completed M-Step (0 seconds). 
.calculate log likelihood 
convergence.check is 1.499958e-05 
Model Terminated Before Convergence Reached 
.........
Completed E-Step (11 seconds). 
Completed M-Step (0 seconds). 
calculate log likelihood 
convergence.check is 1.345062e-05 
Model Terminated Before Convergence Reached 
................
Completed E-Step (11 seconds). 
Completed M-Step (0 seconds). 
calculate log likelihood 
convergence.check is 1.28252e-05 
Model Terminated Before Convergence Reached 
Initialization with topicScore. 
Initialization with topicScore. 
Initialization with topicScore. 
Initialization with topicScore. 
Initialization with topicScore. 
.....................................................................................................................................................................................................................................................................................................................................................................................................................................................................................................................................................................................................................................................................................................................................................................................................................................................
Completed E-Step (37 seconds). 
.Completed M-Step (0 seconds). 
.calculate log likelihood 
Completing Iteration 1 (approx. per word bound = -22.857) 
.
.Completed E-Step (39 seconds). 
.Completed M-Step (0 seconds). 
..calculate log likelihood 
Completing Iteration 1 (approx. per word bound = -22.857) 
................................................................................................................................
.Completed E-Step (39 seconds). 
.Completed M-Step (0 seconds). 
..calculate log likelihood 
Completing Iteration 1 (approx. per word bound = -22.857) 
...................................
Completed E-Step (37 seconds). 
Completed M-Step (0 seconds). 
..calculate log likelihood 
Completing Iteration 1 (approx. per word bound = -22.857) 
........................................................................................................................................
..Completed E-Step (39 seconds). 
Completed M-Step (0 seconds). 
..calculate log likelihood 
Completing Iteration 1 (approx. per word bound = -22.857) 
...........................................................................................................................
Completed E-Step (37 seconds). 
.....Completed M-Step (0 seconds). 
....calculate log likelihood 
Completing Iteration 1 (approx. per word bound = -22.857) 
............................................................................
..Completed E-Step (37 seconds). 
Completed M-Step (0 seconds). 
..calculate log likelihood 
Completing Iteration 1 (approx. per word bound = -22.857) 
..................
Completed E-Step (39 seconds). 
...Completed M-Step (0 seconds). 
.
.Completed E-Step (10 seconds). 
.Completed M-Step (0 seconds). 
calculate log likelihood 
Completing Iteration 1 (approx. per word bound = -22.857) 
...calculate log likelihood 
convergence.check is 1.321579e-05 
Model Terminated Before Convergence Reached 
....................................
..Completed E-Step (11 seconds). 
..Completed M-Step (0 seconds). 
..calculate log likelihood 
convergence.check is 1.338948e-05 
Model Terminated Before Convergence Reached 
.....................................
Completed E-Step (39 seconds). 
.Completed M-Step (0 seconds). 
...calculate log likelihood 
Completing Iteration 1 (approx. per word bound = -22.857) 
........................................................
...Completed E-Step (39 seconds). 
Completed M-Step (0 seconds). 
...calculate log likelihood 
Completing Iteration 1 (approx. per word bound = -22.857) 
..................................................................................................................
.Initialization with topicScore. 
Completed E-Step (10 seconds). 
Completed M-Step (0 seconds). 
..calculate log likelihood 
convergence.check is 1.358802e-05 
Model Terminated Before Convergence Reached 
............
Completed E-Step (11 seconds). 
Completed M-Step (0 seconds). 
....calculate log likelihood 
convergence.check is 1.542027e-05 
Model Terminated Before Convergence Reached 
...............................Initialization with topicScore. 
..............................................................................................................
...Completed E-Step (11 seconds). 
Completed M-Step (0 seconds). 
..calculate log likelihood 
convergence.check is 1.43094e-05 
Model Terminated Before Convergence Reached 
..................................................................................Initialization with topicScore. 
.........Initialization with topicScore. 
...........................................................................
Completed E-Step (12 seconds). 
Completed M-Step (0 seconds). 
....calculate log likelihood 
convergence.check is 1.454099e-05 
Model Terminated Before Convergence Reached 
.......
Completed E-Step (11 seconds). 
.Completed M-Step (0 seconds). 
.calculate log likelihood 
convergence.check is 1.36922e-05 
Model Terminated Before Convergence Reached 
.............
Completed E-Step (12 seconds). 
Completed M-Step (0 seconds). 
..calculate log likelihood 
convergence.check is 1.560223e-05 
Model Terminated Before Convergence Reached 
.......Initialization with topicScore. 
......
Completed E-Step (11 seconds). 
Completed M-Step (0 seconds). 
calculate log likelihood 
convergence.check is 1.384499e-05 
Model Terminated Before Convergence Reached 
.............
Completed E-Step (12 seconds). 
Completed M-Step (0 seconds). 
calculate log likelihood 
convergence.check is 1.654675e-05 
Model Terminated Before Convergence Reached 
Initialization with topicScore. 
Initialization with topicScore. 
Initialization with topicScore. 
Initialization with topicScore. 
Initialization with topicScore. 
